Using pre-set license
Built from '6000.1/staging' branch; Version is '6000.1.10f1 (3c681a6c22ff) revision 3958810'; Using compiler version '194234433'; Build Type 'Release'
OS: 'Windows 11  (10.0.26100) 64bit Core' Language: 'zh' Physical Memory: 7893 MB
BatchMode: 1, IsHumanControllingUs: 0, StartBugReporterOnCrash: 0, Is64bit: 1, IsPro: 1
Date: 2025-07-09T09:22:02Z

COMMAND LINE ARGUMENTS:
C:\Program Files\Unity\Hub\Editor\6000.1.10f1\Editor\Unity.exe
-adb2
-batchMode
-noUpm
-name
AssetImportWorker0
-projectPath
C:/Users/owenb/Desktop/Cuisine
-logFile
Logs/AssetImportWorker0.log
-srvPort
49818
-job-worker-count
5
-background-job-worker-count
8
-gc-helper-count
1
-name
AssetImport
Successfully changed project path to: C:/Users/owenb/Desktop/Cuisine
C:/Users/owenb/Desktop/Cuisine
[UnityMemory] Configuration Parameters - Can be set up in boot.config
    "memorysetup-allocator-temp-initial-block-size-main=262144"
    "memorysetup-allocator-temp-initial-block-size-worker=262144"
    "memorysetup-bucket-allocator-granularity=16"
    "memorysetup-bucket-allocator-bucket-count=8"
    "memorysetup-bucket-allocator-block-size=33554432"
    "memorysetup-bucket-allocator-block-count=8"
    "memorysetup-main-allocator-block-size=16777216"
    "memorysetup-thread-allocator-block-size=16777216"
    "memorysetup-gfx-main-allocator-block-size=16777216"
    "memorysetup-gfx-thread-allocator-block-size=16777216"
    "memorysetup-cache-allocator-block-size=4194304"
    "memorysetup-typetree-allocator-block-size=2097152"
    "memorysetup-profiler-bucket-allocator-granularity=16"
    "memorysetup-profiler-bucket-allocator-bucket-count=8"
    "memorysetup-profiler-bucket-allocator-block-size=33554432"
    "memorysetup-profiler-bucket-allocator-block-count=8"
    "memorysetup-profiler-allocator-block-size=16777216"
    "memorysetup-profiler-editor-allocator-block-size=1048576"
    "memorysetup-temp-allocator-size-main=16777216"
    "memorysetup-job-temp-allocator-block-size=2097152"
    "memorysetup-job-temp-allocator-block-size-background=1048576"
    "memorysetup-job-temp-allocator-reduction-small-platforms=262144"
    "memorysetup-temp-allocator-size-background-worker=32768"
    "memorysetup-temp-allocator-size-job-worker=262144"
    "memorysetup-temp-allocator-size-preload-manager=33554432"
    "memorysetup-temp-allocator-size-nav-mesh-worker=65536"
    "memorysetup-temp-allocator-size-audio-worker=65536"
    "memorysetup-temp-allocator-size-cloud-worker=32768"
    "memorysetup-temp-allocator-size-gi-baking-worker=262144"
    "memorysetup-temp-allocator-size-gi-baking-worker=262144"
    "memorysetup-temp-allocator-size-gi-baking-worker=262144"
    "memorysetup-temp-allocator-size-gi-baking-worker=262144"
    "memorysetup-temp-allocator-size-gi-baking-worker=262144"
    "memorysetup-temp-allocator-size-gfx=262144"
Player connection [14180]  Target information:

Player connection [14180]  * "[IP] 192.168.1.112 [Port] 0 [Flags] 2 [Guid] 203069554 [EditorId] 203069554 [Version] 1048832 [Id] WindowsEditor(7,MSI) [Debug] 1 [PackageName] WindowsEditor [ProjectName] Editor" 

Player connection [14180] Host joined multi-casting on [225.0.0.222:54997]...
Player connection [14180] Host joined alternative multi-casting on [225.0.0.222:34997]...
JobSystem: Creating JobQueue using job-worker-count value 5
Input System module state changed to: Initialized.
[Physics::Module] Initialized fallback backend.
[Physics::Module] Id: 0xdecafbad
Library Redirect Path: Library/
[Physics::Module] Selected backend.
[Physics::Module] Name: PhysX
[Physics::Module] Id: 0xf2b8ea05
[Physics::Module] SDK Version: 4.1.2
[Physics::Module] Integration Version: 1.0.0
[Physics::Module] Threading Mode: Multi-Threaded
Refreshing native plugins compatible for Editor in 259.33 ms, found 4 plugins.
Preloading 0 native plugins for Editor in 0.00 ms.
Initialize engine version: 6000.1.10f1 (3c681a6c22ff)
[Subsystems] Discovering subsystems at path C:/Program Files/Unity/Hub/Editor/6000.1.10f1/Editor/Data/Resources/UnitySubsystems
[Subsystems] Discovering subsystems at path C:/Users/owenb/Desktop/Cuisine/Assets
GfxDevice: creating device client; kGfxThreadingModeNonThreaded
Direct3D:
    Version:         Direct3D 12 [level 12.1]
    Renderer:        NVIDIA GeForce RTX 3050 Laptop GPU (ID=0x25a2)
    Vendor:          NVIDIA
    VRAM:            3965 MB
    App VRAM Budget: 3370 MB
    Driver:          32.0.15.5599
Initialize mono
Mono path[0] = 'C:/Program Files/Unity/Hub/Editor/6000.1.10f1/Editor/Data/Managed'
Mono path[1] = 'C:/Program Files/Unity/Hub/Editor/6000.1.10f1/Editor/Data/MonoBleedingEdge/lib/mono/unityjit-win32'
Mono config path = 'C:/Program Files/Unity/Hub/Editor/6000.1.10f1/Editor/Data/MonoBleedingEdge/etc'
Using monoOptions --debugger-agent=transport=dt_socket,embedding=1,server=y,suspend=n,address=127.0.0.1:56888
Begin MonoManager ReloadAssembly
Registering precompiled unity dll's ...
Register platform support module: C:/Program Files/Unity/Hub/Editor/6000.1.10f1/Editor/Data/PlaybackEngines/WindowsStandaloneSupport/UnityEditor.WindowsStandalone.Extensions.dll
Registered in 0.310055 seconds.
- Loaded All Assemblies, in 10.918 seconds
Native extension for WindowsStandalone target not found
Mono: successfully reloaded assembly
- Finished resetting the current domain, in  0.364 seconds
Domain Reload Profiling: 11281ms
	BeginReloadAssembly (9086ms)
		ExecutionOrderSort (0ms)
		DisableScriptedObjects (0ms)
		BackupInstance (0ms)
		ReleaseScriptingObjects (0ms)
		CreateAndSetChildDomain (4ms)
	RebuildCommonClasses (547ms)
	RebuildNativeTypeToScriptingClass (17ms)
	initialDomainReloadingComplete (365ms)
	LoadAllAssembliesAndSetupDomain (901ms)
		LoadAssemblies (9072ms)
		RebuildTransferFunctionScriptingTraits (0ms)
		AnalyzeDomain (897ms)
			TypeCache.Refresh (895ms)
				TypeCache.ScanAssembly (647ms)
			BuildScriptInfoCaches (0ms)
			ResolveRequiredComponents (1ms)
	FinalizeReload (365ms)
		ReleaseScriptCaches (0ms)
		RebuildScriptCaches (0ms)
		SetupLoadedEditorAssemblies (301ms)
			LogAssemblyErrors (0ms)
			InitializePlatformSupportModulesInManaged (48ms)
			SetLoadedEditorAssemblies (4ms)
			BeforeProcessingInitializeOnLoad (52ms)
			ProcessInitializeOnLoadAttributes (114ms)
			ProcessInitializeOnLoadMethodAttributes (83ms)
			AfterProcessingInitializeOnLoad (0ms)
			EditorAssembliesLoaded (0ms)
		ExecutionOrderSort2 (0ms)
		AwakeInstancesAfterBackupRestoration (0ms)
========================================================================
Worker process is ready to serve import requests
Import Worker Mode flag is 0x00
Begin MonoManager ReloadAssembly
- Loaded All Assemblies, in 10.737 seconds
Refreshing native plugins compatible for Editor in 5.23 ms, found 4 plugins.
Native extension for WindowsStandalone target not found
Mono: successfully reloaded assembly
- Finished resetting the current domain, in  2.360 seconds
Domain Reload Profiling: 13084ms
	BeginReloadAssembly (179ms)
		ExecutionOrderSort (0ms)
		DisableScriptedObjects (6ms)
		BackupInstance (0ms)
		ReleaseScriptingObjects (0ms)
		CreateAndSetChildDomain (29ms)
	RebuildCommonClasses (34ms)
	RebuildNativeTypeToScriptingClass (10ms)
	initialDomainReloadingComplete (37ms)
	LoadAllAssembliesAndSetupDomain (10463ms)
		LoadAssemblies (9682ms)
		RebuildTransferFunctionScriptingTraits (0ms)
		AnalyzeDomain (889ms)
			TypeCache.Refresh (784ms)
				TypeCache.ScanAssembly (716ms)
			BuildScriptInfoCaches (87ms)
			ResolveRequiredComponents (14ms)
	FinalizeReload (2361ms)
		ReleaseScriptCaches (0ms)
		RebuildScriptCaches (0ms)
		SetupLoadedEditorAssemblies (1600ms)
			LogAssemblyErrors (0ms)
			InitializePlatformSupportModulesInManaged (3ms)
			SetLoadedEditorAssemblies (5ms)
			BeforeProcessingInitializeOnLoad (173ms)
			ProcessInitializeOnLoadAttributes (776ms)
			ProcessInitializeOnLoadMethodAttributes (636ms)
			AfterProcessingInitializeOnLoad (7ms)
			EditorAssembliesLoaded (0ms)
		ExecutionOrderSort2 (0ms)
		AwakeInstancesAfterBackupRestoration (7ms)
Launched and connected shader compiler UnityShaderCompiler.exe after 0.02 seconds
Refreshing native plugins compatible for Editor in 3.38 ms, found 4 plugins.
Preloading 0 native plugins for Editor in 0.00 ms.
Unloading 217 Unused Serialized files (Serialized files now loaded: 0)
Unloading 6612 unused Assets / (7.7 MB). Loaded Objects now: 7289.
Memory consumption went from 170.1 MB to 162.4 MB.
Total: 15.764300 ms (FindLiveObjects: 1.850900 ms CreateObjectMapping: 0.845800 ms MarkObjects: 6.059000 ms  DeleteObjects: 6.684800 ms)

========================================================================
Received Import Request.
  Time since last request: 19812.257411 seconds.
  path: Assets/UI Toolkit/UnityThemes/UnityDefaultRuntimeTheme.tss
  artifactKey: Guid(fbda21bc29c46364fbca2845d581bc52) Importer(815301076,1909f56bfc062723c751e8b465ee728b)
Start importing Assets/UI Toolkit/UnityThemes/UnityDefaultRuntimeTheme.tss using Guid(fbda21bc29c46364fbca2845d581bc52) Importer(815301076,1909f56bfc062723c751e8b465ee728b) (PreviewImporter) -> (artifact id: '1a0b09991ba9e5d18a0bba4f4b935fd8') in 0.8065555 seconds
Number of updated asset objects reloaded before import = 0Number of asset objects unloaded after import = 29

========================================================================
Received Import Request.
  Time since last request: 12.610762 seconds.
  path: Assets/UI Toolkit
  artifactKey: Guid(4be3cc2b39471cf43b4567f67192eb2c) Importer(815301076,1909f56bfc062723c751e8b465ee728b)
Start importing Assets/UI Toolkit using Guid(4be3cc2b39471cf43b4567f67192eb2c) Importer(815301076,1909f56bfc062723c751e8b465ee728b) (PreviewImporter) -> (artifact id: '13a1a4a8ae0a8c41401b7c5193a2df52') in 0.0011424 seconds
Number of updated asset objects reloaded before import = 0Number of asset objects unloaded after import = 0

========================================================================
Received Import Request.
  Time since last request: 19.125902 seconds.
  path: Assets/UI Toolkit/NewUXMLTemplate.uxml
  artifactKey: Guid(b3e5ec14b772f4a4891358ba028e8b44) Importer(815301076,1909f56bfc062723c751e8b465ee728b)
Start importing Assets/UI Toolkit/NewUXMLTemplate.uxml using Guid(b3e5ec14b772f4a4891358ba028e8b44) Importer(815301076,1909f56bfc062723c751e8b465ee728b) (PreviewImporter) -> (artifact id: '71d302b5559975d471e4a7f0a0f6663c') in 0.0066407 seconds
Number of updated asset objects reloaded before import = 0Number of asset objects unloaded after import = 2

========================================================================
Received Import Request.
  Time since last request: 24.068146 seconds.
  path: Assets/UI Toolkit/UItext.uxml
  artifactKey: Guid(b3e5ec14b772f4a4891358ba028e8b44) Importer(815301076,1909f56bfc062723c751e8b465ee728b)
Start importing Assets/UI Toolkit/UItext.uxml using Guid(b3e5ec14b772f4a4891358ba028e8b44) Importer(815301076,1909f56bfc062723c751e8b465ee728b) (PreviewImporter) -> (artifact id: 'f62ffee231cb2cdeca96e195a92340ae') in 0.0026241 seconds
Number of updated asset objects reloaded before import = 0Number of asset objects unloaded after import = 2

========================================================================
Received Import Request.
  Time since last request: 175.994337 seconds.
  path: Assets/UI Toolkit/UItext.uxml
  artifactKey: Guid(b3e5ec14b772f4a4891358ba028e8b44) Importer(815301076,1909f56bfc062723c751e8b465ee728b)
Start importing Assets/UI Toolkit/UItext.uxml using Guid(b3e5ec14b772f4a4891358ba028e8b44) Importer(815301076,1909f56bfc062723c751e8b465ee728b) (PreviewImporter) -> (artifact id: '9b5479ec52737d54169a71b083f3ce8e') in 0.3539674 seconds
Number of updated asset objects reloaded before import = 0Number of asset objects unloaded after import = 2

========================================================================
Received Import Request.
  Time since last request: 101.106150 seconds.
  path: Assets/UI Toolkit/UItext.uxml
  artifactKey: Guid(b3e5ec14b772f4a4891358ba028e8b44) Importer(815301076,1909f56bfc062723c751e8b465ee728b)
Start importing Assets/UI Toolkit/UItext.uxml using Guid(b3e5ec14b772f4a4891358ba028e8b44) Importer(815301076,1909f56bfc062723c751e8b465ee728b) (PreviewImporter) -> (artifact id: '0efd5adba7d6b202485b7f3b39c5cae8') in 0.0024914 seconds
Number of updated asset objects reloaded before import = 0Number of asset objects unloaded after import = 2

========================================================================
Received Import Request.
  Time since last request: 228.711486 seconds.
  path: Assets/UI Toolkit/UItext.uxml
  artifactKey: Guid(b3e5ec14b772f4a4891358ba028e8b44) Importer(815301076,1909f56bfc062723c751e8b465ee728b)
Start importing Assets/UI Toolkit/UItext.uxml using Guid(b3e5ec14b772f4a4891358ba028e8b44) Importer(815301076,1909f56bfc062723c751e8b465ee728b) (PreviewImporter) -> (artifact id: '2c5a33a670dff1d6af74e0ae1add285e') in 0.0668011 seconds
Number of updated asset objects reloaded before import = 0Number of asset objects unloaded after import = 2

========================================================================
Received Import Request.
  Time since last request: 57.734492 seconds.
  path: Assets/UI Toolkit/UItext.uxml
  artifactKey: Guid(b3e5ec14b772f4a4891358ba028e8b44) Importer(815301076,1909f56bfc062723c751e8b465ee728b)
Start importing Assets/UI Toolkit/UItext.uxml using Guid(b3e5ec14b772f4a4891358ba028e8b44) Importer(815301076,1909f56bfc062723c751e8b465ee728b) (PreviewImporter) -> (artifact id: 'ca60c231cd4841ab139f679ad7363656') in 0.010823 seconds
Number of updated asset objects reloaded before import = 0Number of asset objects unloaded after import = 2

========================================================================
Received Import Request.
  Time since last request: 12.760437 seconds.
  path: Assets
  artifactKey: Guid(00000000000000001000000000000000) Importer(815301076,1909f56bfc062723c751e8b465ee728b)
Start importing Assets using Guid(00000000000000001000000000000000) Importer(815301076,1909f56bfc062723c751e8b465ee728b) (PreviewImporter) -> (artifact id: 'fa1d5d9d7311b80ba4a397b5b86502e5') in 0.0109678 seconds
Number of updated asset objects reloaded before import = 0Number of asset objects unloaded after import = 0

========================================================================
Received Import Request.
  Time since last request: 39.976166 seconds.
  path: Assets/Test source 1
  artifactKey: Guid(e419c16e96dd3cd4880dd09229113311) Importer(815301076,1909f56bfc062723c751e8b465ee728b)
Start importing Assets/Test source 1 using Guid(e419c16e96dd3cd4880dd09229113311) Importer(815301076,1909f56bfc062723c751e8b465ee728b) (PreviewImporter) -> (artifact id: '65f0595714a66f215a700e17bed0cb64') in 0.005545 seconds
Number of updated asset objects reloaded before import = 0Number of asset objects unloaded after import = 0

========================================================================
Received Import Request.
  Time since last request: 0.134426 seconds.
  path: Assets/Test source 1/A.png
  artifactKey: Guid(dd32b8cbf3df6bb4a86bc09ed4ef9681) Importer(815301076,1909f56bfc062723c751e8b465ee728b)
Start importing Assets/Test source 1/A.png using Guid(dd32b8cbf3df6bb4a86bc09ed4ef9681) Importer(815301076,1909f56bfc062723c751e8b465ee728b) (PreviewImporter) -> (artifact id: '5e5eb869c1a2b488c193c6f26b0679e4') in 0.7282854 seconds
Number of updated asset objects reloaded before import = 0Number of asset objects unloaded after import = 3

========================================================================
Received Import Request.
  Time since last request: 0.000072 seconds.
  path: Assets/Test source 1/D.png
  artifactKey: Guid(2fc7a4f6155581448ae5660024334fe0) Importer(815301076,1909f56bfc062723c751e8b465ee728b)
Start importing Assets/Test source 1/D.png using Guid(2fc7a4f6155581448ae5660024334fe0) Importer(815301076,1909f56bfc062723c751e8b465ee728b) (PreviewImporter) -> (artifact id: '5c5399aff73962e1878549127abc389a') in 0.048899 seconds
Number of updated asset objects reloaded before import = 0Number of asset objects unloaded after import = 3

========================================================================
Received Import Request.
  Time since last request: 0.000063 seconds.
  path: Assets/Test source 1/C.png
  artifactKey: Guid(84317573fe2367241b6cfdac778e63a6) Importer(815301076,1909f56bfc062723c751e8b465ee728b)
Start importing Assets/Test source 1/C.png using Guid(84317573fe2367241b6cfdac778e63a6) Importer(815301076,1909f56bfc062723c751e8b465ee728b) (PreviewImporter) -> (artifact id: 'b978359f24b2d4a5723b6db23c52e76b') in 0.0385918 seconds
Number of updated asset objects reloaded before import = 0Number of asset objects unloaded after import = 3

========================================================================
Received Import Request.
  Time since last request: 0.000042 seconds.
  path: Assets/Test source 1/NPC.png
  artifactKey: Guid(b2ed2a4cf8d3ca94da401d40972fd740) Importer(815301076,1909f56bfc062723c751e8b465ee728b)
Start importing Assets/Test source 1/NPC.png using Guid(b2ed2a4cf8d3ca94da401d40972fd740) Importer(815301076,1909f56bfc062723c751e8b465ee728b) (PreviewImporter) -> (artifact id: 'db4631cc5255080e157387d69505b95e') in 0.0474721 seconds
Number of updated asset objects reloaded before import = 0Number of asset objects unloaded after import = 3

========================================================================
Received Import Request.
  Time since last request: 0.000033 seconds.
  path: Assets/Test source 1/Red.png
  artifactKey: Guid(8171338142331eb4e9aae334ff0744e8) Importer(815301076,1909f56bfc062723c751e8b465ee728b)
Start importing Assets/Test source 1/Red.png using Guid(8171338142331eb4e9aae334ff0744e8) Importer(815301076,1909f56bfc062723c751e8b465ee728b) (PreviewImporter) -> (artifact id: '570a8f523979dee92f5b2a943e2bacd5') in 0.0829195 seconds
Number of updated asset objects reloaded before import = 0Number of asset objects unloaded after import = 3

========================================================================
Received Import Request.
  Time since last request: 0.000035 seconds.
  path: Assets/Test source 1/Black.png
  artifactKey: Guid(5915edfc6240d2e459ca15332286f15a) Importer(815301076,1909f56bfc062723c751e8b465ee728b)
Start importing Assets/Test source 1/Black.png using Guid(5915edfc6240d2e459ca15332286f15a) Importer(815301076,1909f56bfc062723c751e8b465ee728b) (PreviewImporter) -> (artifact id: '960bdd2614f4e58cbe87452ff718eb27') in 0.0340652 seconds
Number of updated asset objects reloaded before import = 0Number of asset objects unloaded after import = 3

========================================================================
Received Import Request.
  Time since last request: 0.000051 seconds.
  path: Assets/Test source 1/E.png
  artifactKey: Guid(98be080fbee5b2f459f0cc35533ba468) Importer(815301076,1909f56bfc062723c751e8b465ee728b)
Start importing Assets/Test source 1/E.png using Guid(98be080fbee5b2f459f0cc35533ba468) Importer(815301076,1909f56bfc062723c751e8b465ee728b) (PreviewImporter) -> (artifact id: 'e18d1d3199f4a6429d283379538c568c') in 0.037216 seconds
Number of updated asset objects reloaded before import = 0Number of asset objects unloaded after import = 3

========================================================================
Received Import Request.
  Time since last request: 0.000034 seconds.
  path: Assets/Test source 1/White.png
  artifactKey: Guid(86377fd588138f147ace190e236664a7) Importer(815301076,1909f56bfc062723c751e8b465ee728b)
Start importing Assets/Test source 1/White.png using Guid(86377fd588138f147ace190e236664a7) Importer(815301076,1909f56bfc062723c751e8b465ee728b) (PreviewImporter) -> (artifact id: '1d853f586665c7c63363c01f98990316') in 0.0307146 seconds
Number of updated asset objects reloaded before import = 0Number of asset objects unloaded after import = 3

========================================================================
Received Import Request.
  Time since last request: 0.000031 seconds.
  path: Assets/Test source 1/table.png
  artifactKey: Guid(480e7792dbdd4724a855381c6813bca2) Importer(815301076,1909f56bfc062723c751e8b465ee728b)
Start importing Assets/Test source 1/table.png using Guid(480e7792dbdd4724a855381c6813bca2) Importer(815301076,1909f56bfc062723c751e8b465ee728b) (PreviewImporter) -> (artifact id: 'ce3aeccd4852461202b50952aa3e6d92') in 0.0321937 seconds
Number of updated asset objects reloaded before import = 0Number of asset objects unloaded after import = 3

========================================================================
Received Import Request.
  Time since last request: 0.631834 seconds.
  path: Assets/Test source/A.png
  artifactKey: Guid(b29e2d327f0002c44bfc370cfd0a86a2) Importer(815301076,1909f56bfc062723c751e8b465ee728b)
Start importing Assets/Test source/A.png using Guid(b29e2d327f0002c44bfc370cfd0a86a2) Importer(815301076,1909f56bfc062723c751e8b465ee728b) (PreviewImporter) -> (artifact id: 'f509fd44dba361d70a709c68d5100008') in 0.0557287 seconds
Number of updated asset objects reloaded before import = 0Number of asset objects unloaded after import = 3

========================================================================
Received Import Request.
  Time since last request: 0.000098 seconds.
  path: Assets/Test source/D.png
  artifactKey: Guid(fe594bc669147b04891bbcbc50c232d5) Importer(815301076,1909f56bfc062723c751e8b465ee728b)
Start importing Assets/Test source/D.png using Guid(fe594bc669147b04891bbcbc50c232d5) Importer(815301076,1909f56bfc062723c751e8b465ee728b) (PreviewImporter) -> (artifact id: '3289d7cfaa08de1affe5db20fe1294dd') in 0.0376192 seconds
Number of updated asset objects reloaded before import = 0Number of asset objects unloaded after import = 3

========================================================================
Received Import Request.
  Time since last request: 0.000061 seconds.
  path: Assets/Test source/NPC.png
  artifactKey: Guid(9022c646fe489564487b638348d18d9c) Importer(815301076,1909f56bfc062723c751e8b465ee728b)
Start importing Assets/Test source/NPC.png using Guid(9022c646fe489564487b638348d18d9c) Importer(815301076,1909f56bfc062723c751e8b465ee728b) (PreviewImporter) -> (artifact id: '25fac45cc12ae4149ae71833fe94d3fe') in 0.0506969 seconds
Number of updated asset objects reloaded before import = 0Number of asset objects unloaded after import = 3

========================================================================
Received Import Request.
  Time since last request: 0.000050 seconds.
  path: Assets/Test source/Black.png
  artifactKey: Guid(beb8be38784cb2b46ad8fbd04a7e3335) Importer(815301076,1909f56bfc062723c751e8b465ee728b)
Start importing Assets/Test source/Black.png using Guid(beb8be38784cb2b46ad8fbd04a7e3335) Importer(815301076,1909f56bfc062723c751e8b465ee728b) (PreviewImporter) -> (artifact id: '828e79f944fe3dd67784dcf5f3980c41') in 0.0354755 seconds
Number of updated asset objects reloaded before import = 0Number of asset objects unloaded after import = 3

========================================================================
Received Import Request.
  Time since last request: 0.000044 seconds.
  path: Assets/Test source/E.png
  artifactKey: Guid(c2964de0c27a2bc41828e2ff96659da0) Importer(815301076,1909f56bfc062723c751e8b465ee728b)
Start importing Assets/Test source/E.png using Guid(c2964de0c27a2bc41828e2ff96659da0) Importer(815301076,1909f56bfc062723c751e8b465ee728b) (PreviewImporter) -> (artifact id: '15fe7a49a16ee3237b68bddc0526453b') in 0.0412773 seconds
Number of updated asset objects reloaded before import = 0Number of asset objects unloaded after import = 3

Editor requested this worker to shutdown with reason: Scaling down because of idle timeout
AssetImportWorker is now disconnected from the server
Process exiting
Exiting without the bug reporter. Application will terminate with return code 0